This is XeTeX, Version 3.14159265-2.6-0.99999 (TeX Live 2018) (preloaded format=xelatex 2019.4.6)  7 JUN 2019 00:14
entering extended mode
 restricted \write18 enabled.
 %&-line parsing enabled.
**regression-analysis.tex
(./regression-analysis.tex
LaTeX2e <2018-12-01>
(/usr/local/texlive/2018/texmf-dist/tex/latex/base/book.cls
Document Class: book 2018/09/03 v1.4i Standard LaTeX document class
(/usr/local/texlive/2018/texmf-dist/tex/latex/base/bk10.clo
File: bk10.clo 2018/09/03 v1.4i Standard LaTeX file (size option)
)
\c@part=\count80
\c@chapter=\count81
\c@section=\count82
\c@subsection=\count83
\c@subsubsection=\count84
\c@paragraph=\count85
\c@subparagraph=\count86
\c@figure=\count87
\c@table=\count88
\abovecaptionskip=\skip41
\belowcaptionskip=\skip42
\bibindent=\dimen102
) (/usr/local/texlive/2018/texmf-dist/tex/latex/lm/lmodern.sty
Package: lmodern 2009/10/30 v1.6 Latin Modern Fonts
LaTeX Font Info:    Overwriting symbol font `operators' in version `normal'
(Font)                  OT1/cmr/m/n --> OT1/lmr/m/n on input line 22.
LaTeX Font Info:    Overwriting symbol font `letters' in version `normal'
(Font)                  OML/cmm/m/it --> OML/lmm/m/it on input line 23.
LaTeX Font Info:    Overwriting symbol font `symbols' in version `normal'
(Font)                  OMS/cmsy/m/n --> OMS/lmsy/m/n on input line 24.
LaTeX Font Info:    Overwriting symbol font `largesymbols' in version `normal'
(Font)                  OMX/cmex/m/n --> OMX/lmex/m/n on input line 25.
LaTeX Font Info:    Overwriting symbol font `operators' in version `bold'
(Font)                  OT1/cmr/bx/n --> OT1/lmr/bx/n on input line 26.
LaTeX Font Info:    Overwriting symbol font `letters' in version `bold'
(Font)                  OML/cmm/b/it --> OML/lmm/b/it on input line 27.
LaTeX Font Info:    Overwriting symbol font `symbols' in version `bold'
(Font)                  OMS/cmsy/b/n --> OMS/lmsy/b/n on input line 28.
LaTeX Font Info:    Overwriting symbol font `largesymbols' in version `bold'
(Font)                  OMX/cmex/m/n --> OMX/lmex/m/n on input line 29.
LaTeX Font Info:    Overwriting math alphabet `\mathbf' in version `normal'
(Font)                  OT1/cmr/bx/n --> OT1/lmr/bx/n on input line 31.
LaTeX Font Info:    Overwriting math alphabet `\mathsf' in version `normal'
(Font)                  OT1/cmss/m/n --> OT1/lmss/m/n on input line 32.
LaTeX Font Info:    Overwriting math alphabet `\mathit' in version `normal'
(Font)                  OT1/cmr/m/it --> OT1/lmr/m/it on input line 33.
LaTeX Font Info:    Overwriting math alphabet `\mathtt' in version `normal'
(Font)                  OT1/cmtt/m/n --> OT1/lmtt/m/n on input line 34.
LaTeX Font Info:    Overwriting math alphabet `\mathbf' in version `bold'
(Font)                  OT1/cmr/bx/n --> OT1/lmr/bx/n on input line 35.
LaTeX Font Info:    Overwriting math alphabet `\mathsf' in version `bold'
(Font)                  OT1/cmss/bx/n --> OT1/lmss/bx/n on input line 36.
LaTeX Font Info:    Overwriting math alphabet `\mathit' in version `bold'
(Font)                  OT1/cmr/bx/it --> OT1/lmr/bx/it on input line 37.
LaTeX Font Info:    Overwriting math alphabet `\mathtt' in version `bold'
(Font)                  OT1/cmtt/m/n --> OT1/lmtt/m/n on input line 38.
) (/usr/local/texlive/2018/texmf-dist/tex/latex/amsfonts/amssymb.sty
Package: amssymb 2013/01/14 v3.01 AMS font symbols
(/usr/local/texlive/2018/texmf-dist/tex/latex/amsfonts/amsfonts.sty
Package: amsfonts 2013/01/14 v3.01 Basic AMSFonts support
\@emptytoks=\toks14
\symAMSa=\mathgroup4
\symAMSb=\mathgroup5
LaTeX Font Info:    Overwriting math alphabet `\mathfrak' in version `bold'
(Font)                  U/euf/m/n --> U/euf/b/n on input line 106.
)) (/usr/local/texlive/2018/texmf-dist/tex/latex/amsmath/amsmath.sty
Package: amsmath 2018/12/01 v2.17b AMS math features
\@mathmargin=\skip43
For additional information on amsmath, use the `?' option.
(/usr/local/texlive/2018/texmf-dist/tex/latex/amsmath/amstext.sty
Package: amstext 2000/06/29 v2.01 AMS text
(/usr/local/texlive/2018/texmf-dist/tex/latex/amsmath/amsgen.sty
File: amsgen.sty 1999/11/30 v2.0 generic functions
\@emptytoks=\toks15
\ex@=\dimen103
)) (/usr/local/texlive/2018/texmf-dist/tex/latex/amsmath/amsbsy.sty
Package: amsbsy 1999/11/29 v1.2d Bold Symbols
\pmbraise@=\dimen104
) (/usr/local/texlive/2018/texmf-dist/tex/latex/amsmath/amsopn.sty
Package: amsopn 2016/03/08 v2.02 operator names
)
\inf@bad=\count89
LaTeX Info: Redefining \frac on input line 223.
\uproot@=\count90
\leftroot@=\count91
LaTeX Info: Redefining \overline on input line 385.
\classnum@=\count92
\DOTSCASE@=\count93
LaTeX Info: Redefining \ldots on input line 482.
LaTeX Info: Redefining \dots on input line 485.
LaTeX Info: Redefining \cdots on input line 606.
\Mathstrutbox@=\box27
\strutbox@=\box28
\big@size=\dimen105
LaTeX Font Info:    Redeclaring font encoding OML on input line 729.
LaTeX Font Info:    Redeclaring font encoding OMS on input line 730.
\macc@depth=\count94
\c@MaxMatrixCols=\count95
\dotsspace@=\muskip10
\c@parentequation=\count96
\dspbrk@lvl=\count97
\tag@help=\toks16
\row@=\count98
\column@=\count99
\maxfields@=\count100
\andhelp@=\toks17
\eqnshift@=\dimen106
\alignsep@=\dimen107
\tagshift@=\dimen108
\tagwidth@=\dimen109
\totwidth@=\dimen110
\lineht@=\dimen111
\@envbody=\toks18
\multlinegap=\skip44
\multlinetaggap=\skip45
\mathdisplay@stack=\toks19
LaTeX Info: Redefining \[ on input line 2844.
LaTeX Info: Redefining \] on input line 2845.
) (/usr/local/texlive/2018/texmf-dist/tex/generic/ifxetex/ifxetex.sty
Package: ifxetex 2010/09/12 v0.6 Provides ifxetex conditional
) (/usr/local/texlive/2018/texmf-dist/tex/generic/oberdiek/ifluatex.sty
Package: ifluatex 2016/05/16 v1.4 Provides the ifluatex switch (HO)
Package ifluatex Info: LuaTeX not detected.
) (/usr/local/texlive/2018/texmf-dist/tex/latex/base/fixltx2e.sty
Package: fixltx2e 2016/12/29 v2.1a fixes to LaTeX (obsolete)
Applying: [2015/01/01] Old fixltx2e package on input line 46.

Package fixltx2e Warning: fixltx2e is not required with releases after 2015
(fixltx2e)                All fixes are now in the LaTeX kernel.
(fixltx2e)                See the latexrelease package for details.

Already applied: [0000/00/00] Old fixltx2e package on input line 53.
) (/usr/local/texlive/2018/texmf-dist/tex/xelatex/mathspec/mathspec.sty
Package: mathspec 2016/12/22 v0.2b LaTeX Package (Mathematics font selection fo
r XeLaTeX)
(/usr/local/texlive/2018/texmf-dist/tex/latex/etoolbox/etoolbox.sty
Package: etoolbox 2018/08/19 v2.5f e-TeX tools for LaTeX (JAW)
\etb@tempcnta=\count101
) (/usr/local/texlive/2018/texmf-dist/tex/latex/fontspec/fontspec.sty (/usr/loc
al/texlive/2018/texmf-dist/tex/latex/l3packages/xparse/xparse.sty (/usr/local/t
exlive/2018/texmf-dist/tex/latex/l3kernel/expl3.sty
Package: expl3 2019-02-15 L3 programming layer (loader) 
(/usr/local/texlive/2018/texmf-dist/tex/latex/l3kernel/expl3-code.tex
Package: expl3 2019-02-15 L3 programming layer (code)
\c_max_int=\count102
\l_tmpa_int=\count103
\l_tmpb_int=\count104
\g_tmpa_int=\count105
\g_tmpb_int=\count106
\g__kernel_prg_map_int=\count107
\c_log_iow=\count108
\l_iow_line_count_int=\count109
\l__iow_line_target_int=\count110
\l__iow_one_indent_int=\count111
\l__iow_indent_int=\count112
\c_zero_dim=\dimen112
\c_max_dim=\dimen113
\l_tmpa_dim=\dimen114
\l_tmpb_dim=\dimen115
\g_tmpa_dim=\dimen116
\g_tmpb_dim=\dimen117
\c_zero_skip=\skip46
\c_max_skip=\skip47
\l_tmpa_skip=\skip48
\l_tmpb_skip=\skip49
\g_tmpa_skip=\skip50
\g_tmpb_skip=\skip51
\c_zero_muskip=\muskip11
\c_max_muskip=\muskip12
\l_tmpa_muskip=\muskip13
\l_tmpb_muskip=\muskip14
\g_tmpa_muskip=\muskip15
\g_tmpb_muskip=\muskip16
\l_keys_choice_int=\count113
\l__intarray_loop_int=\count114
\c__intarray_sp_dim=\dimen118
\g__intarray_font_int=\count115
\c__fp_leading_shift_int=\count116
\c__fp_middle_shift_int=\count117
\c__fp_trailing_shift_int=\count118
\c__fp_big_leading_shift_int=\count119
\c__fp_big_middle_shift_int=\count120
\c__fp_big_trailing_shift_int=\count121
\c__fp_Bigg_leading_shift_int=\count122
\c__fp_Bigg_middle_shift_int=\count123
\c__fp_Bigg_trailing_shift_int=\count124
\g__fp_array_int=\count125
\l__fp_array_loop_int=\count126
\l__sort_length_int=\count127
\l__sort_min_int=\count128
\l__sort_top_int=\count129
\l__sort_max_int=\count130
\l__sort_true_max_int=\count131
\l__sort_block_int=\count132
\l__sort_begin_int=\count133
\l__sort_end_int=\count134
\l__sort_A_int=\count135
\l__sort_B_int=\count136
\l__sort_C_int=\count137
\l__tl_analysis_normal_int=\count138
\l__tl_analysis_index_int=\count139
\l__tl_analysis_nesting_int=\count140
\l__tl_analysis_type_int=\count141
\l__regex_internal_a_int=\count142
\l__regex_internal_b_int=\count143
\l__regex_internal_c_int=\count144
\l__regex_balance_int=\count145
\l__regex_group_level_int=\count146
\l__regex_mode_int=\count147
\c__regex_cs_in_class_mode_int=\count148
\c__regex_cs_mode_int=\count149
\l__regex_catcodes_int=\count150
\l__regex_default_catcodes_int=\count151
\c__regex_catcode_L_int=\count152
\c__regex_catcode_O_int=\count153
\c__regex_catcode_A_int=\count154
\c__regex_all_catcodes_int=\count155
\l__regex_show_lines_int=\count156
\l__regex_min_state_int=\count157
\l__regex_max_state_int=\count158
\l__regex_left_state_int=\count159
\l__regex_right_state_int=\count160
\l__regex_capturing_group_int=\count161
\l__regex_min_pos_int=\count162
\l__regex_max_pos_int=\count163
\l__regex_curr_pos_int=\count164
\l__regex_start_pos_int=\count165
\l__regex_success_pos_int=\count166
\l__regex_curr_char_int=\count167
\l__regex_curr_catcode_int=\count168
\l__regex_last_char_int=\count169
\l__regex_case_changed_char_int=\count170
\l__regex_curr_state_int=\count171
\l__regex_step_int=\count172
\l__regex_min_active_int=\count173
\l__regex_max_active_int=\count174
\l__regex_replacement_csnames_int=\count175
\l__regex_match_count_int=\count176
\l__regex_min_submatch_int=\count177
\l__regex_submatch_int=\count178
\l__regex_zeroth_submatch_int=\count179
\g__regex_trace_regex_int=\count180
\c_empty_box=\box29
\l_tmpa_box=\box30
\l_tmpb_box=\box31
\g_tmpa_box=\box32
\g_tmpb_box=\box33
\l__box_top_dim=\dimen119
\l__box_bottom_dim=\dimen120
\l__box_left_dim=\dimen121
\l__box_right_dim=\dimen122
\l__box_top_new_dim=\dimen123
\l__box_bottom_new_dim=\dimen124
\l__box_left_new_dim=\dimen125
\l__box_right_new_dim=\dimen126
\l__box_internal_box=\box34
\l__coffin_internal_box=\box35
\l__coffin_internal_dim=\dimen127
\l__coffin_offset_x_dim=\dimen128
\l__coffin_offset_y_dim=\dimen129
\l__coffin_x_dim=\dimen130
\l__coffin_y_dim=\dimen131
\l__coffin_x_prime_dim=\dimen132
\l__coffin_y_prime_dim=\dimen133
\c_empty_coffin=\box36
\l__coffin_aligned_coffin=\box37
\l__coffin_aligned_internal_coffin=\box38
\l_tmpa_coffin=\box39
\l_tmpb_coffin=\box40
\g_tmpa_coffin=\box41
\g_tmpb_coffin=\box42
\c__coffin_empty_coffin=\box43
\l__coffin_display_coffin=\box44
\l__coffin_display_coord_coffin=\box45
\l__coffin_display_pole_coffin=\box46
\l__coffin_display_offset_dim=\dimen134
\l__coffin_display_x_dim=\dimen135
\l__coffin_display_y_dim=\dimen136
\g__file_internal_ior=\read1
\l__coffin_bounding_shift_dim=\dimen137
\l__coffin_left_corner_dim=\dimen138
\l__coffin_right_corner_dim=\dimen139
\l__coffin_bottom_corner_dim=\dimen140
\l__coffin_top_corner_dim=\dimen141
\l__coffin_scaled_total_height_dim=\dimen142
\l__coffin_scaled_width_dim=\dimen143
) (/usr/local/texlive/2018/texmf-dist/tex/latex/l3kernel/l3xdvipdfmx.def
File: l3xdvipdfmx.def 2019-02-15 v L3 Experimental driver: xdvipdfmx
\g__driver_image_int=\count181
\g__driver_pdf_object_int=\count182
))
Package: xparse 2018-10-17 L3 Experimental document command parser
\l__xparse_current_arg_int=\count183
\g__xparse_grabber_int=\count184
\l__xparse_m_args_int=\count185
\l__xparse_mandatory_args_int=\count186
\l__xparse_v_nesting_int=\count187
)
Package: fontspec 2019/02/12 v2.7b Font selection for XeLaTeX and LuaLaTeX
(/usr/local/texlive/2018/texmf-dist/tex/latex/fontspec/fontspec-xetex.sty
Package: fontspec-xetex 2019/02/12 v2.7b Font selection for XeLaTeX and LuaLaTe
X
\l__fontspec_script_int=\count188
\l__fontspec_language_int=\count189
\l__fontspec_strnum_int=\count190
\l__fontspec_tmp_int=\count191
\l__fontspec_tmpa_int=\count192
\l__fontspec_tmpb_int=\count193
\l__fontspec_tmpc_int=\count194
\l__fontspec_em_int=\count195
\l__fontspec_emdef_int=\count196
\l__fontspec_strong_int=\count197
\l__fontspec_strongdef_int=\count198
\l__fontspec_tmpa_dim=\dimen144
\l__fontspec_tmpb_dim=\dimen145
\l__fontspec_tmpc_dim=\dimen146
(/usr/local/texlive/2018/texmf-dist/tex/latex/base/fontenc.sty
Package: fontenc 2018/08/11 v2.0j Standard LaTeX package
(/usr/local/texlive/2018/texmf-dist/tex/latex/base/tuenc.def
File: tuenc.def 2018/08/11 v2.0j Standard LaTeX file
LaTeX Font Info:    Redeclaring font encoding TU on input line 82.
)) (/usr/local/texlive/2018/texmf-dist/tex/latex/fontspec/fontspec.cfg)
LaTeX Info: Redefining \itshape on input line 4044.
LaTeX Info: Redefining \slshape on input line 4049.
LaTeX Info: Redefining \scshape on input line 4054.
LaTeX Info: Redefining \upshape on input line 4059.
LaTeX Info: Redefining \em on input line 4089.
LaTeX Info: Redefining \emph on input line 4114.
)) (/usr/local/texlive/2018/texmf-dist/tex/latex/xkeyval/xkeyval.sty
Package: xkeyval 2014/12/03 v2.7a package option processing (HA)
(/usr/local/texlive/2018/texmf-dist/tex/generic/xkeyval/xkeyval.tex (/usr/local
/texlive/2018/texmf-dist/tex/generic/xkeyval/xkvutils.tex
\XKV@toks=\toks20
\XKV@tempa@toks=\toks21
(/usr/local/texlive/2018/texmf-dist/tex/generic/xkeyval/keyval.tex))
\XKV@depth=\count199
File: xkeyval.tex 2014/12/03 v2.7a key=value parser (HA)
))
\c@eu@=\count266
\c@eu@i=\count267
\c@mkern=\count268
) (/usr/local/texlive/2018/texmf-dist/tex/latex/upquote/upquote.sty
Package: upquote 2012/04/19 v1.3 upright-quote and grave-accent glyphs in verba
tim
(/usr/local/texlive/2018/texmf-dist/tex/latex/base/textcomp.sty
Package: textcomp 2018/08/11 v2.0j Standard LaTeX package
Package textcomp Info: Sub-encoding information:
(textcomp)               5 = only ISO-Adobe without \textcurrency
(textcomp)               4 = 5 + \texteuro
(textcomp)               3 = 4 + \textohm
(textcomp)               2 = 3 + \textestimated + \textcurrency
(textcomp)               1 = TS1 - \textcircled - \t
(textcomp)               0 = TS1 (full)
(textcomp)             Font families with sub-encoding setting implement
(textcomp)             only a restricted character set as indicated.
(textcomp)             Family '?' is the default used for unknown fonts.
(textcomp)             See the documentation for details.
Package textcomp Info: Setting ? sub-encoding to TS1/1 on input line 79.
(/usr/local/texlive/2018/texmf-dist/tex/latex/base/ts1enc.def
File: ts1enc.def 2001/06/05 v3.0e (jk/car/fm) Standard LaTeX file
)
LaTeX Info: Redefining \oldstylenums on input line 334.
Package textcomp Info: Setting cmr sub-encoding to TS1/0 on input line 349.
Package textcomp Info: Setting cmss sub-encoding to TS1/0 on input line 350.
Package textcomp Info: Setting cmtt sub-encoding to TS1/0 on input line 351.
Package textcomp Info: Setting cmvtt sub-encoding to TS1/0 on input line 352.
Package textcomp Info: Setting cmbr sub-encoding to TS1/0 on input line 353.
Package textcomp Info: Setting cmtl sub-encoding to TS1/0 on input line 354.
Package textcomp Info: Setting ccr sub-encoding to TS1/0 on input line 355.
Package textcomp Info: Setting ptm sub-encoding to TS1/4 on input line 356.
Package textcomp Info: Setting pcr sub-encoding to TS1/4 on input line 357.
Package textcomp Info: Setting phv sub-encoding to TS1/4 on input line 358.
Package textcomp Info: Setting ppl sub-encoding to TS1/3 on input line 359.
Package textcomp Info: Setting pag sub-encoding to TS1/4 on input line 360.
Package textcomp Info: Setting pbk sub-encoding to TS1/4 on input line 361.
Package textcomp Info: Setting pnc sub-encoding to TS1/4 on input line 362.
Package textcomp Info: Setting pzc sub-encoding to TS1/4 on input line 363.
Package textcomp Info: Setting bch sub-encoding to TS1/4 on input line 364.
Package textcomp Info: Setting put sub-encoding to TS1/5 on input line 365.
Package textcomp Info: Setting uag sub-encoding to TS1/5 on input line 366.
Package textcomp Info: Setting ugq sub-encoding to TS1/5 on input line 367.
Package textcomp Info: Setting ul8 sub-encoding to TS1/4 on input line 368.
Package textcomp Info: Setting ul9 sub-encoding to TS1/4 on input line 369.
Package textcomp Info: Setting augie sub-encoding to TS1/5 on input line 370.
Package textcomp Info: Setting dayrom sub-encoding to TS1/3 on input line 371.
Package textcomp Info: Setting dayroms sub-encoding to TS1/3 on input line 372.

Package textcomp Info: Setting pxr sub-encoding to TS1/0 on input line 373.
Package textcomp Info: Setting pxss sub-encoding to TS1/0 on input line 374.
Package textcomp Info: Setting pxtt sub-encoding to TS1/0 on input line 375.
Package textcomp Info: Setting txr sub-encoding to TS1/0 on input line 376.
Package textcomp Info: Setting txss sub-encoding to TS1/0 on input line 377.
Package textcomp Info: Setting txtt sub-encoding to TS1/0 on input line 378.
Package textcomp Info: Setting lmr sub-encoding to TS1/0 on input line 379.
Package textcomp Info: Setting lmdh sub-encoding to TS1/0 on input line 380.
Package textcomp Info: Setting lmss sub-encoding to TS1/0 on input line 381.
Package textcomp Info: Setting lmssq sub-encoding to TS1/0 on input line 382.
Package textcomp Info: Setting lmvtt sub-encoding to TS1/0 on input line 383.
Package textcomp Info: Setting lmtt sub-encoding to TS1/0 on input line 384.
Package textcomp Info: Setting qhv sub-encoding to TS1/0 on input line 385.
Package textcomp Info: Setting qag sub-encoding to TS1/0 on input line 386.
Package textcomp Info: Setting qbk sub-encoding to TS1/0 on input line 387.
Package textcomp Info: Setting qcr sub-encoding to TS1/0 on input line 388.
Package textcomp Info: Setting qcs sub-encoding to TS1/0 on input line 389.
Package textcomp Info: Setting qpl sub-encoding to TS1/0 on input line 390.
Package textcomp Info: Setting qtm sub-encoding to TS1/0 on input line 391.
Package textcomp Info: Setting qzc sub-encoding to TS1/0 on input line 392.
Package textcomp Info: Setting qhvc sub-encoding to TS1/0 on input line 393.
Package textcomp Info: Setting futs sub-encoding to TS1/4 on input line 394.
Package textcomp Info: Setting futx sub-encoding to TS1/4 on input line 395.
Package textcomp Info: Setting futj sub-encoding to TS1/4 on input line 396.
Package textcomp Info: Setting hlh sub-encoding to TS1/3 on input line 397.
Package textcomp Info: Setting hls sub-encoding to TS1/3 on input line 398.
Package textcomp Info: Setting hlst sub-encoding to TS1/3 on input line 399.
Package textcomp Info: Setting hlct sub-encoding to TS1/5 on input line 400.
Package textcomp Info: Setting hlx sub-encoding to TS1/5 on input line 401.
Package textcomp Info: Setting hlce sub-encoding to TS1/5 on input line 402.
Package textcomp Info: Setting hlcn sub-encoding to TS1/5 on input line 403.
Package textcomp Info: Setting hlcw sub-encoding to TS1/5 on input line 404.
Package textcomp Info: Setting hlcf sub-encoding to TS1/5 on input line 405.
Package textcomp Info: Setting pplx sub-encoding to TS1/3 on input line 406.
Package textcomp Info: Setting pplj sub-encoding to TS1/3 on input line 407.
Package textcomp Info: Setting ptmx sub-encoding to TS1/4 on input line 408.
Package textcomp Info: Setting ptmj sub-encoding to TS1/4 on input line 409.
)) (/usr/local/texlive/2018/texmf-dist/tex/latex/microtype/microtype.sty
Package: microtype 2018/01/14 v2.7a Micro-typographical refinements (RS)
\MT@toks=\toks22
\MT@count=\count269
LaTeX Info: Redefining \textls on input line 793.
\MT@outer@kern=\dimen147
LaTeX Info: Redefining \textmicrotypecontext on input line 1339.
\MT@listname@count=\count270
(/usr/local/texlive/2018/texmf-dist/tex/latex/microtype/microtype-xetex.def
File: microtype-xetex.def 2018/01/14 v2.7a Definitions specific to xetex (RS)
LaTeX Info: Redefining \lsstyle on input line 256.
)
Package microtype Info: Loading configuration file microtype.cfg.
(/usr/local/texlive/2018/texmf-dist/tex/latex/microtype/microtype.cfg
File: microtype.cfg 2018/01/14 v2.7a microtype main configuration file (RS)
)) (/usr/local/texlive/2018/texmf-dist/tex/latex/geometry/geometry.sty
Package: geometry 2018/04/16 v5.8 Page Geometry
(/usr/local/texlive/2018/texmf-dist/tex/generic/oberdiek/ifpdf.sty
Package: ifpdf 2018/09/07 v3.3 Provides the ifpdf switch
) (/usr/local/texlive/2018/texmf-dist/tex/generic/oberdiek/ifvtex.sty
Package: ifvtex 2016/05/16 v1.6 Detect VTeX and its facilities (HO)
Package ifvtex Info: VTeX not detected.
)
\Gm@cnth=\count271
\Gm@cntv=\count272
\c@Gm@tempcnt=\count273
\Gm@bindingoffset=\dimen148
\Gm@wd@mp=\dimen149
\Gm@odd@mp=\dimen150
\Gm@even@mp=\dimen151
\Gm@layoutwidth=\dimen152
\Gm@layoutheight=\dimen153
\Gm@layouthoffset=\dimen154
\Gm@layoutvoffset=\dimen155
\Gm@dimlist=\toks23
) (/usr/local/texlive/2018/texmf-dist/tex/latex/hyperref/hyperref.sty
Package: hyperref 2018/11/30 v6.88e Hypertext links for LaTeX
(/usr/local/texlive/2018/texmf-dist/tex/generic/oberdiek/hobsub-hyperref.sty
Package: hobsub-hyperref 2016/05/16 v1.14 Bundle oberdiek, subset hyperref (HO)

(/usr/local/texlive/2018/texmf-dist/tex/generic/oberdiek/hobsub-generic.sty
Package: hobsub-generic 2016/05/16 v1.14 Bundle oberdiek, subset generic (HO)
Package: hobsub 2016/05/16 v1.14 Construct package bundles (HO)
Package: infwarerr 2016/05/16 v1.4 Providing info/warning/error messages (HO)
Package: ltxcmds 2016/05/16 v1.23 LaTeX kernel commands for general use (HO)
Package hobsub Info: Skipping package `ifluatex' (already loaded).
Package hobsub Info: Skipping package `ifvtex' (already loaded).
Package: intcalc 2016/05/16 v1.2 Expandable calculations with integers (HO)
Package hobsub Info: Skipping package `ifpdf' (already loaded).
Package: etexcmds 2016/05/16 v1.6 Avoid name clashes with e-TeX commands (HO)
Package etexcmds Info: Could not find \expanded.
(etexcmds)             That can mean that you are not using pdfTeX 1.50 or
(etexcmds)             that some package has redefined \expanded.
(etexcmds)             In the latter case, load this package earlier.
Package: kvsetkeys 2016/05/16 v1.17 Key value parser (HO)
Package: kvdefinekeys 2016/05/16 v1.4 Define keys (HO)
Package: pdftexcmds 2018/09/10 v0.29 Utility functions of pdfTeX for LuaTeX (HO
)
Package pdftexcmds Info: LuaTeX not detected.
Package pdftexcmds Info: pdfTeX >= 1.30 not detected.
Package pdftexcmds Info: \pdf@primitive is available.
Package pdftexcmds Info: \pdf@ifprimitive is available.
Package pdftexcmds Info: \pdfdraftmode not found.
Package: pdfescape 2016/05/16 v1.14 Implements pdfTeX's escape features (HO)
Package: bigintcalc 2016/05/16 v1.4 Expandable calculations on big integers (HO
)
Package: bitset 2016/05/16 v1.2 Handle bit-vector datatype (HO)
Package: uniquecounter 2016/05/16 v1.3 Provide unlimited unique counter (HO)
)
Package hobsub Info: Skipping package `hobsub' (already loaded).
Package: letltxmacro 2016/05/16 v1.5 Let assignment for LaTeX macros (HO)
Package: hopatch 2016/05/16 v1.3 Wrapper for package hooks (HO)
Package: xcolor-patch 2016/05/16 xcolor patch
Package: atveryend 2016/05/16 v1.9 Hooks at the very end of document (HO)
Package: atbegshi 2016/06/09 v1.18 At begin shipout hook (HO)
Package: refcount 2016/05/16 v3.5 Data extraction from label references (HO)
Package: hycolor 2016/05/16 v1.8 Color options for hyperref/bookmark (HO)
) (/usr/local/texlive/2018/texmf-dist/tex/latex/oberdiek/auxhook.sty
Package: auxhook 2016/05/16 v1.4 Hooks for auxiliary files (HO)
) (/usr/local/texlive/2018/texmf-dist/tex/latex/oberdiek/kvoptions.sty
Package: kvoptions 2016/05/16 v3.12 Key value format for package options (HO)
)
\@linkdim=\dimen156
\Hy@linkcounter=\count274
\Hy@pagecounter=\count275
(/usr/local/texlive/2018/texmf-dist/tex/latex/hyperref/pd1enc.def
File: pd1enc.def 2018/11/30 v6.88e Hyperref: PDFDocEncoding definition (HO)
)
\Hy@SavedSpaceFactor=\count276
(/usr/local/texlive/2018/texmf-dist/tex/latex/latexconfig/hyperref.cfg
File: hyperref.cfg 2002/06/06 v1.2 hyperref configuration of TeXLive
)
Package hyperref Info: Hyper figures OFF on input line 4519.
Package hyperref Info: Link nesting OFF on input line 4524.
Package hyperref Info: Hyper index ON on input line 4527.
Package hyperref Info: Plain pages OFF on input line 4534.
Package hyperref Info: Backreferencing OFF on input line 4539.
Package hyperref Info: Implicit mode ON; LaTeX internals redefined.
Package hyperref Info: Bookmarks ON on input line 4772.
\c@Hy@tempcnt=\count277
(/usr/local/texlive/2018/texmf-dist/tex/latex/url/url.sty
\Urlmuskip=\muskip17
Package: url 2013/09/16  ver 3.4  Verb mode for urls, etc.
)
LaTeX Info: Redefining \url on input line 5125.
\XeTeXLinkMargin=\dimen157
\Fld@menulength=\count278
\Field@Width=\dimen158
\Fld@charsize=\dimen159
Package hyperref Info: Hyper figures OFF on input line 6380.
Package hyperref Info: Link nesting OFF on input line 6385.
Package hyperref Info: Hyper index ON on input line 6388.
Package hyperref Info: backreferencing OFF on input line 6395.
Package hyperref Info: Link coloring OFF on input line 6400.
Package hyperref Info: Link coloring with OCG OFF on input line 6405.
Package hyperref Info: PDF/A mode OFF on input line 6410.
LaTeX Info: Redefining \ref on input line 6450.
LaTeX Info: Redefining \pageref on input line 6454.
\Hy@abspage=\count279
\c@Item=\count280
\c@Hfootnote=\count281
)
Package hyperref Info: Driver (autodetected): hxetex.
(/usr/local/texlive/2018/texmf-dist/tex/latex/hyperref/hxetex.def
File: hxetex.def 2018/11/30 v6.88e Hyperref driver for XeTeX
(/usr/local/texlive/2018/texmf-dist/tex/latex/hyperref/puenc.def
File: puenc.def 2018/11/30 v6.88e Hyperref: PDF Unicode definition (HO)
) (/usr/local/texlive/2018/texmf-dist/tex/generic/oberdiek/stringenc.sty
Package: stringenc 2016/05/16 v1.11 Convert strings between diff. encodings (HO
)
)
\pdfm@box=\box47
\c@Hy@AnnotLevel=\count282
\HyField@AnnotCount=\count283
\Fld@listcount=\count284
\c@bookmark@seq@number=\count285
(/usr/local/texlive/2018/texmf-dist/tex/latex/oberdiek/rerunfilecheck.sty
Package: rerunfilecheck 2016/05/16 v1.8 Rerun checks for auxiliary files (HO)
Package uniquecounter Info: New unique counter `rerunfilecheck' on input line 2
82.
)
\Hy@SectionHShift=\skip52
)
Package hyperref Info: Option `unicode' set `true' on input line 29.
(/usr/local/texlive/2018/texmf-dist/tex/generic/oberdiek/se-ascii-print.def
File: se-ascii-print.def 2016/05/16 v1.11 stringenc: Printable ASCII characters

)
Package hyperref Info: Option `breaklinks' set `true' on input line 29.
(/usr/local/texlive/2018/texmf-dist/tex/latex/natbib/natbib.sty
Package: natbib 2010/09/13 8.31b (PWD, AO)
\bibhang=\skip53
\bibsep=\skip54
LaTeX Info: Redefining \cite on input line 694.
\c@NAT@ctr=\count286
) (/usr/local/texlive/2018/texmf-dist/tex/latex/graphics/color.sty
Package: color 2016/07/10 v1.1e Standard LaTeX Color (DPC)
(/usr/local/texlive/2018/texmf-dist/tex/latex/graphics-cfg/color.cfg
File: color.cfg 2016/01/02 v1.6 sample color configuration
)
Package color Info: Driver file: xetex.def on input line 147.
(/usr/local/texlive/2018/texmf-dist/tex/latex/graphics-def/xetex.def
File: xetex.def 2017/06/24 v5.0h Graphics/color driver for xetex
)) (/usr/local/texlive/2018/texmf-dist/tex/latex/fancyvrb/fancyvrb.sty
Package: fancyvrb 2019/01/15
Style option: `fancyvrb' v3.2a <2019/01/15> (tvz)
\FV@CodeLineNo=\count287
\FV@InFile=\read2
\FV@TabBox=\box48
\c@FancyVerbLine=\count288
\FV@StepNumber=\count289
\FV@OutFile=\write3
) (/usr/local/texlive/2018/texmf-dist/tex/latex/framed/framed.sty
Package: framed 2011/10/22 v 0.96: framed or shaded text with page breaks
\OuterFrameSep=\skip55
\fb@frw=\dimen160
\fb@frh=\dimen161
\FrameRule=\dimen162
\FrameSep=\dimen163
) (/usr/local/texlive/2018/texmf-dist/tex/latex/tools/longtable.sty
Package: longtable 2014/10/28 v4.11 Multi-page Table package (DPC)+ FMi change
\LTleft=\skip56
\LTright=\skip57
\LTpre=\skip58
\LTpost=\skip59
\LTchunksize=\count290
\LTcapwidth=\dimen164
\LT@head=\box49
\LT@firsthead=\box50
\LT@foot=\box51
\LT@lastfoot=\box52
\LT@cols=\count291
\LT@rows=\count292
\c@LT@tables=\count293
\c@LT@chunks=\count294
\LT@p@ftn=\toks24
) (/usr/local/texlive/2018/texmf-dist/tex/latex/booktabs/booktabs.sty
Package: booktabs 2016/04/27 v1.618033 publication quality tables
\heavyrulewidth=\dimen165
\lightrulewidth=\dimen166
\cmidrulewidth=\dimen167
\belowrulesep=\dimen168
\belowbottomsep=\dimen169
\aboverulesep=\dimen170
\abovetopsep=\dimen171
\cmidrulesep=\dimen172
\cmidrulekern=\dimen173
\defaultaddspace=\dimen174
\@cmidla=\count295
\@cmidlb=\count296
\@aboverulesep=\dimen175
\@belowrulesep=\dimen176
\@thisruleclass=\count297
\@lastruleclass=\count298
\@thisrulewidth=\dimen177
) (/usr/local/texlive/2018/texmf-dist/tex/latex/graphics/graphicx.sty
Package: graphicx 2017/06/01 v1.1a Enhanced LaTeX Graphics (DPC,SPQR)
(/usr/local/texlive/2018/texmf-dist/tex/latex/graphics/graphics.sty
Package: graphics 2017/06/25 v1.2c Standard LaTeX Graphics (DPC,SPQR)
(/usr/local/texlive/2018/texmf-dist/tex/latex/graphics/trig.sty
Package: trig 2016/01/03 v1.10 sin cos tan (DPC)
) (/usr/local/texlive/2018/texmf-dist/tex/latex/graphics-cfg/graphics.cfg
File: graphics.cfg 2016/06/04 v1.11 sample graphics configuration
)
Package graphics Info: Driver file: xetex.def on input line 99.
)
\Gin@req@height=\dimen178
\Gin@req@width=\dimen179
) (/usr/local/texlive/2018/texmf-dist/tex/latex/oberdiek/grffile.sty
Package: grffile 2017/06/30 v1.18 Extended file name support for graphics (HO)
Package grffile Info: Option `multidot' is set to `true'.
Package grffile Info: Option `extendedchars' is set to `false'.
Package grffile Info: Option `space' is set to `true'.
Package grffile Info: \Gin@ii of package `graphicx' fixed on input line 494.
) (/usr/local/texlive/2018/texmf-dist/tex/latex/parskip/parskip.sty
Package: parskip 2019-01-16 v2.0c non-zero parskip adjustments
) (/usr/local/texlive/2018/texmf-dist/tex/latex/titling/titling.sty
Package: titling 2009/09/04 v2.1d maketitle typesetting
\thanksmarkwidth=\skip60
\thanksmargin=\skip61
\droptitle=\skip62
) (/usr/local/texlive/2018/texmf-dist/tex/latex/float/float.sty
Package: float 2001/11/08 v1.3d Float enhancements (AL)
\c@float@type=\count299
\float@exts=\toks25
\float@box=\box53
\@float@everytoks=\toks26
\@floatcapt=\box54
) (/usr/local/texlive/2018/texmf-dist/tex/latex/enumitem/enumitem.sty
Package: enumitem 2019/02/04 v3.8 Customized lists
\enitkv@toks@=\toks27
\labelindent=\skip63
\enit@outerparindent=\dimen180
\enit@toks=\toks28
\enit@inbox=\box55
\enit@count@id=\count300
\enitdp@description=\count301
) (/usr/local/texlive/2018/texmf-dist/tex/latex/pdfpages/pdfpages.sty
Package: pdfpages 2017/10/31 v0.5l Insert pages of external PDF documents (AM)
(/usr/local/texlive/2018/texmf-dist/tex/latex/base/ifthen.sty
Package: ifthen 2014/09/29 v1.1c Standard LaTeX ifthen package (DPC)
) (/usr/local/texlive/2018/texmf-dist/tex/latex/tools/calc.sty
Package: calc 2017/05/25 v4.3 Infix arithmetic (KKT,FJ)
\calc@Acount=\count302
\calc@Bcount=\count303
\calc@Adimen=\dimen181
\calc@Bdimen=\dimen182
\calc@Askip=\skip64
\calc@Bskip=\skip65
LaTeX Info: Redefining \setlength on input line 80.
LaTeX Info: Redefining \addtolength on input line 81.
\calc@Ccount=\count304
\calc@Cskip=\skip66
) (/usr/local/texlive/2018/texmf-dist/tex/latex/eso-pic/eso-pic.sty
Package: eso-pic 2018/04/12 v2.0h eso-pic (RN)
)
\AM@pagewidth=\dimen183
\AM@pageheight=\dimen184
(/usr/local/texlive/2018/texmf-dist/tex/latex/pdfpages/ppxetex.def
File: ppxetex.def 2017/10/31 v0.5l Pdfpages driver for XeTeX (AM)
)
\AM@pagebox=\box56
\AM@global@opts=\toks29
\AM@toc@title=\toks30
\c@AM@survey=\count305
\AM@templatesizebox=\box57
) (/usr/local/texlive/2018/texmf-dist/tex/latex/algorithm2e/algorithm2e.sty
Invalid UTF-8 byte or sequence at line 284 replaced by U+FFFD.
Invalid UTF-8 byte or sequence at line 299 replaced by U+FFFD.
Invalid UTF-8 byte or sequence at line 550 replaced by U+FFFD.
Package: algorithm2e 2017/07/18 v5.2 algorithms environments
\c@AlgoLine=\count306
\algocf@hangindent=\skip67
(/usr/local/texlive/2018/texmf-dist/tex/latex/ifoddpage/ifoddpage.sty
Package: ifoddpage 2016/04/23 v1.1 Conditionals for odd/even page detection
\c@checkoddpage=\count307
) (/usr/local/texlive/2018/texmf-dist/tex/latex/tools/xspace.sty
Package: xspace 2014/10/28 v1.13 Space after command names (DPC,MH)
) (/usr/local/texlive/2018/texmf-dist/tex/latex/relsize/relsize.sty
Package: relsize 2013/03/29 ver 4.1
)
\skiptotal=\skip68
\skiplinenumber=\skip69
\skiprule=\skip70
\skiphlne=\skip71
\skiptext=\skip72
\skiplength=\skip73
\algomargin=\skip74
\skipalgocfslide=\skip75
\algowidth=\dimen185
\inoutsize=\dimen186
\inoutindent=\dimen187
\interspacetitleruled=\dimen188
\interspacealgoruled=\dimen189
\interspacetitleboxruled=\dimen190
\algocf@ruledwidth=\skip76
\algocf@inoutbox=\box58
\algocf@inputbox=\box59
\AlCapSkip=\skip77
\AlCapHSkip=\skip78
\algoskipindent=\skip79
\algocf@nlbox=\box60
\algocf@hangingbox=\box61
\algocf@untilbox=\box62
\algocf@skipuntil=\skip80
\algocf@capbox=\box63
\algocf@lcaptionbox=\skip81
\algoheightruledefault=\skip82
\algoheightrule=\skip83
\algotitleheightruledefault=\skip84
\algotitleheightrule=\skip85
\c@algocfline=\count308
\c@algocfproc=\count309
\c@algocf=\count310
\algocf@algoframe=\box64
\algocf@algobox=\box65
) (/usr/local/texlive/2018/texmf-dist/tex/generic/ulem/ulem.sty
\UL@box=\box66
\UL@hyphenbox=\box67
\UL@skip=\skip86
\UL@hook=\toks31
\UL@height=\dimen191
\UL@pe=\count311
\UL@pixel=\dimen192
\ULC@box=\box68
Package: ulem 2012/05/18
\ULdepth=\dimen193
) (/usr/local/texlive/2018/texmf-dist/tex/latex/tools/array.sty
Package: array 2018/12/30 v2.4k Tabular extension package (FMi)
\col@sep=\dimen194
\ar@mcellbox=\box69
\extrarowheight=\dimen195
\NC@list=\toks32
\extratabsurround=\skip87
\backup@length=\skip88
\ar@cellbox=\box70
) (/usr/local/texlive/2018/texmf-dist/tex/latex/multirow/multirow.sty
Package: multirow 2019/01/01 v2.4 Span multiple rows of a table
\multirow@colwidth=\skip89
\multirow@cntb=\count312
\multirow@dima=\skip90
\bigstrutjot=\dimen196
) (/usr/local/texlive/2018/texmf-dist/tex/latex/wrapfig/wrapfig.sty
\wrapoverhang=\dimen197
\WF@size=\dimen198
\c@WF@wrappedlines=\count313
\WF@box=\box71
\WF@everypar=\toks33
Package: wrapfig 2003/01/31  v 3.6
) (/usr/local/texlive/2018/texmf-dist/tex/latex/colortbl/colortbl.sty
Package: colortbl 2018/12/12 v1.0d Color table columns (DPC)
\everycr=\toks34
\minrowclearance=\skip91
) (/usr/local/texlive/2018/texmf-dist/tex/latex/oberdiek/pdflscape.sty
Package: pdflscape 2016/05/14 v0.11 Display of landscape pages in PDF (HO)
(/usr/local/texlive/2018/texmf-dist/tex/latex/graphics/lscape.sty
Package: lscape 2000/10/22 v3.01 Landscape Pages (DPC)
)
Package pdflscape Info: Auto-detected driver: dvipdfm (xetex) on input line 99.

) (/usr/local/texlive/2018/texmf-dist/tex/latex/tabu/tabu.sty
Package: tabu 2019/01/11 v2.9 - flexible LaTeX tabulars (FC+tabu-fixed)
(/usr/local/texlive/2018/texmf-dist/tex/latex/varwidth/varwidth.sty
Package: varwidth 2009/03/30 ver 0.92;  Variable-width minipages
\@vwid@box=\box72
\sift@deathcycles=\count314
\@vwid@loff=\dimen199
\@vwid@roff=\dimen256
)
\c@taburow=\count315
\tabu@nbcols=\count316
\tabu@cnt=\count317
\tabu@Xcol=\count318
\tabu@alloc=\count319
\tabu@nested=\count320
\tabu@target=\dimen257
\tabu@spreadtarget=\dimen258
\tabu@naturalX=\dimen259
\tabucolX=\dimen260
\tabu@Xsum=\dimen261
\extrarowdepth=\dimen262
\abovetabulinesep=\dimen263
\belowtabulinesep=\dimen264
\tabustrutrule=\dimen265
\tabu@thebody=\toks35
\tabu@footnotes=\toks36
\tabu@box=\box73
\tabu@arstrutbox=\box74
\tabu@hleads=\box75
\tabu@vleads=\box76
\tabu@cellskip=\skip92
)
(/usr/local/texlive/2018/texmf-dist/tex/latex/threeparttable/threeparttable.sty
Package: threeparttable 2003/06/13  v 3.0
\@tempboxb=\box77
)
(/usr/local/texlive/2018/texmf-dist/tex/latex/threeparttablex/threeparttablex.s
ty
Package: threeparttablex 2013/07/23 v0.3 by daleif
(/usr/local/texlive/2018/texmf-dist/tex/latex/environ/environ.sty
Package: environ 2014/05/04 v0.3 A new way to define environments
(/usr/local/texlive/2018/texmf-dist/tex/latex/trimspaces/trimspaces.sty
Package: trimspaces 2009/09/17 v1.1 Trim spaces around a token list
))
\TPTL@width=\skip93
) (/usr/local/texlive/2018/texmf-dist/tex/latex/makecell/makecell.sty
Package: makecell 2009/08/03 V0.1e Managing of Tab Column Heads and Cells
\rotheadsize=\dimen266
\c@nlinenum=\count321
\TeXr@lab=\toks37
) (/usr/local/texlive/2018/texmf-dist/tex/latex/xcolor/xcolor.sty
Package: xcolor 2016/05/11 v2.12 LaTeX color extensions (UK)
(/usr/local/texlive/2018/texmf-dist/tex/latex/graphics-cfg/color.cfg
File: color.cfg 2016/01/02 v1.6 sample color configuration
)
Package xcolor Info: Driver file: xetex.def on input line 225.
LaTeX Info: Redefining \color on input line 709.
Package xcolor Info: Model `cmy' substituted by `cmy0' on input line 1348.
Package xcolor Info: Model `RGB' extended on input line 1364.
Package xcolor Info: Model `HTML' substituted by `rgb' on input line 1366.
Package xcolor Info: Model `Hsb' substituted by `hsb' on input line 1367.
Package xcolor Info: Model `tHsb' substituted by `hsb' on input line 1368.
Package xcolor Info: Model `HSB' substituted by `hsb' on input line 1369.
Package xcolor Info: Model `Gray' substituted by `gray' on input line 1370.
Package xcolor Info: Model `wave' substituted by `hsb' on input line 1371.
) (/usr/local/texlive/2018/texmf-dist/tex/latex/amscls/amsthm.sty
Package: amsthm 2017/10/31 v2.20.4
\thm@style=\toks38
\thm@bodyfont=\toks39
\thm@headfont=\toks40
\thm@notefont=\toks41
\thm@headpunct=\toks42
\thm@preskip=\skip94
\thm@postskip=\skip95
\thm@headsep=\skip96
\dth@everypar=\toks43
)
\c@theorem=\count322
\c@lemma=\count323
\c@corollary=\count324
\c@proposition=\count325
\c@conjecture=\count326
\c@definition=\count327
\c@example=\count328
\c@exercise=\count329
(./regression-analysis.aux)
\openout1 = `regression-analysis.aux'.

LaTeX Font Info:    Checking defaults for OML/cmm/m/it on input line 187.
LaTeX Font Info:    ... okay on input line 187.
LaTeX Font Info:    Checking defaults for T1/cmr/m/n on input line 187.
LaTeX Font Info:    ... okay on input line 187.
LaTeX Font Info:    Checking defaults for OT1/cmr/m/n on input line 187.
LaTeX Font Info:    ... okay on input line 187.
LaTeX Font Info:    Checking defaults for OMS/cmsy/m/n on input line 187.
LaTeX Font Info:    ... okay on input line 187.
LaTeX Font Info:    Checking defaults for TU/lmr/m/n on input line 187.
LaTeX Font Info:    ... okay on input line 187.
LaTeX Font Info:    Checking defaults for OMX/cmex/m/n on input line 187.
LaTeX Font Info:    ... okay on input line 187.
LaTeX Font Info:    Checking defaults for U/cmr/m/n on input line 187.
LaTeX Font Info:    ... okay on input line 187.
LaTeX Font Info:    Checking defaults for TS1/cmr/m/n on input line 187.
LaTeX Font Info:    Try loading font information for TS1+cmr on input line 187.

(/usr/local/texlive/2018/texmf-dist/tex/latex/base/ts1cmr.fd
File: ts1cmr.fd 2014/09/29 v2.5h Standard LaTeX font definitions
)
LaTeX Font Info:    ... okay on input line 187.
LaTeX Font Info:    Checking defaults for PD1/pdf/m/n on input line 187.
LaTeX Font Info:    ... okay on input line 187.
LaTeX Font Info:    Checking defaults for PU/pdf/m/n on input line 187.
LaTeX Font Info:    ... okay on input line 187.
LaTeX Info: Redefining \microtypecontext on input line 187.
Package microtype Info: Character protrusion enabled (level 2).
Package microtype Info: Using protrusion set `basicmath'.
Package microtype Info: No adjustment of tracking.
Package microtype Info: No adjustment of spacing.
Package microtype Info: No adjustment of kerning.

(/usr/local/texlive/2018/texmf-dist/tex/latex/microtype/mt-LatinModernRoman.cfg
File: mt-LatinModernRoman.cfg 2013/03/13 v1.0 microtype config. file: Latin Mod
ern Roman (RS)
)
*geometry* driver: auto-detecting
*geometry* detected driver: xetex
*geometry* verbose mode - [ preamble ] result:
* driver: xetex
* paper: <default>
* layout: <same size as paper>
* layoutoffset:(h,v)=(0.0pt,0.0pt)
* modes: twoside 
* h-part:(L,W,R)=(72.26999pt, 469.75502pt, 72.26999pt)
* v-part:(T,H,B)=(72.26999pt, 650.43001pt, 72.26999pt)
* \paperwidth=614.295pt
* \paperheight=794.96999pt
* \textwidth=469.75502pt
* \textheight=650.43001pt
* \oddsidemargin=0.0pt
* \evensidemargin=0.0pt
* \topmargin=-30.06749pt
* \headheight=12.0pt
* \headsep=18.06749pt
* \topskip=10.0pt
* \footskip=25.29494pt
* \marginparwidth=125.0pt
* \marginparsep=7.0pt
* \columnsep=10.0pt
* \skip\footins=9.0pt plus 4.0pt minus 2.0pt
* \hoffset=0.0pt
* \voffset=0.0pt
* \mag=1000
* \@twocolumnfalse
* \@twosidetrue
* \@mparswitchtrue
* \@reversemarginfalse
* (1in=72.27pt=25.4mm, 1cm=28.453pt)

\AtBeginShipoutBox=\box78
Package hyperref Info: Link coloring OFF on input line 187.
(/usr/local/texlive/2018/texmf-dist/tex/latex/hyperref/nameref.sty
Package: nameref 2016/05/21 v2.44 Cross-referencing by name of section
(/usr/local/texlive/2018/texmf-dist/tex/generic/oberdiek/gettitlestring.sty
Package: gettitlestring 2016/05/16 v1.5 Cleanup title references (HO)
)
\c@section@level=\count330
)
LaTeX Info: Redefining \ref on input line 187.
LaTeX Info: Redefining \pageref on input line 187.
LaTeX Info: Redefining \nameref on input line 187.
(./regression-analysis.out) (./regression-analysis.out)
\@outlinefile=\write4
\openout4 = `regression-analysis.out'.

File: cover.pdf Graphic file (type pdf)
<use cover.pdf>
File: cover.pdf Graphic file (type pdf)
<use cover.pdf>
File: cover.pdf Graphic file (type pdf)
<use cover.pdf, page 1>
File: cover.pdf Graphic file (type pdf)
<use cover.pdf, page 1>
File: cover.pdf Graphic file (type pdf)
<use cover.pdf, page 1>
File: cover.pdf Graphic file (type pdf)
<use cover.pdf, page 1>
File: cover.pdf Graphic file (type pdf)
<use cover.pdf, page 1>
[1


] [2

]
LaTeX Font Info:    Try loading font information for OT1+lmr on input line 195.

(/usr/local/texlive/2018/texmf-dist/tex/latex/lm/ot1lmr.fd
File: ot1lmr.fd 2009/10/30 v1.6 Font defs for Latin Modern
)
Package microtype Info: Loading generic protrusion settings for font family
(microtype)             `lmr' (encoding: OT1).
(microtype)             For optimal results, create family-specific settings.
(microtype)             See the microtype manual for details.
LaTeX Font Info:    Try loading font information for OML+lmm on input line 195.

(/usr/local/texlive/2018/texmf-dist/tex/latex/lm/omllmm.fd
File: omllmm.fd 2009/10/30 v1.6 Font defs for Latin Modern
)
LaTeX Font Info:    Try loading font information for OMS+lmsy on input line 195
.
(/usr/local/texlive/2018/texmf-dist/tex/latex/lm/omslmsy.fd
File: omslmsy.fd 2009/10/30 v1.6 Font defs for Latin Modern
)
LaTeX Font Info:    Try loading font information for OMX+lmex on input line 195
.
(/usr/local/texlive/2018/texmf-dist/tex/latex/lm/omxlmex.fd
File: omxlmex.fd 2009/10/30 v1.6 Font defs for Latin Modern
)
LaTeX Font Info:    External font `lmex10' loaded for size
(Font)              <12> on input line 195.
LaTeX Font Info:    External font `lmex10' loaded for size
(Font)              <8> on input line 195.
LaTeX Font Info:    External font `lmex10' loaded for size
(Font)              <6> on input line 195.
LaTeX Font Info:    Try loading font information for U+msa on input line 195.
(/usr/local/texlive/2018/texmf-dist/tex/latex/amsfonts/umsa.fd
File: umsa.fd 2013/01/14 v3.01 AMS symbols A
) (/usr/local/texlive/2018/texmf-dist/tex/latex/microtype/mt-msa.cfg
File: mt-msa.cfg 2006/02/04 v1.1 microtype config. file: AMS symbols (a) (RS)
)
LaTeX Font Info:    Try loading font information for U+msb on input line 195.
(/usr/local/texlive/2018/texmf-dist/tex/latex/amsfonts/umsb.fd
File: umsb.fd 2013/01/14 v3.01 AMS symbols B
) (/usr/local/texlive/2018/texmf-dist/tex/latex/microtype/mt-msb.cfg
File: mt-msb.cfg 2005/06/01 v1.0 microtype config. file: AMS symbols (b) (RS)
) [1] [2

] (./regression-analysis.toc
LaTeX Font Info:    External font `lmex10' loaded for size
(Font)              <10> on input line 2.
LaTeX Font Info:    External font `lmex10' loaded for size
(Font)              <7> on input line 2.
LaTeX Font Info:    External font `lmex10' loaded for size
(Font)              <5> on input line 2.
[3])
\tf@toc=\write5
\openout5 = `regression-analysis.toc'.

[4]

Package xcolor Warning: Incompatible color definition on input line 207.

LaTeX Font Info:    Font shape `TU/lmtt/bx/n' in size <10> not available
(Font)              Font shape `TU/lmtt/b/n' tried instead on input line 209.

Package xcolor Warning: Incompatible color definition on input line 211.


Package xcolor Warning: Incompatible color definition on input line 211.


Package xcolor Warning: Incompatible color definition on input line 219.


Package xcolor Warning: Incompatible color definition on input line 236.


Package xcolor Warning: Incompatible color definition on input line 236.


Package xcolor Warning: Incompatible color definition on input line 256.


Package xcolor Warning: Incompatible color definition on input line 262.


Package xcolor Warning: Incompatible color definition on input line 262.

File: regression-analysis_files/figure-latex/unnamed-chunk-5-1.pdf Graphic file
 (type pdf)
<use regression-analysis_files/figure-latex/unnamed-chunk-5-1.pdf>
[5

]

Package xcolor Warning: Incompatible color definition on input line 268.


Package xcolor Warning: Incompatible color definition on input line 275.


Package xcolor Warning: Incompatible color definition on input line 275.

File: regression-analysis_files/figure-latex/unnamed-chunk-6-1.pdf Graphic file
 (type pdf)
<use regression-analysis_files/figure-latex/unnamed-chunk-6-1.pdf>
[6]
Chapter 1.

Package xcolor Warning: Incompatible color definition on input line 285.


Package xcolor Warning: Incompatible color definition on input line 289.


Package xcolor Warning: Incompatible color definition on input line 289.


Package xcolor Warning: Incompatible color definition on input line 291.


Package xcolor Warning: Incompatible color definition on input line 301.


Package xcolor Warning: Incompatible color definition on input line 301.

File: regression-analysis_files/figure-latex/delivery-1.pdf Graphic file (type 
pdf)
<use regression-analysis_files/figure-latex/delivery-1.pdf>
[7

]
File: regression-analysis_files/figure-latex/lsefig-1.pdf Graphic file (type pd
f)
<use regression-analysis_files/figure-latex/lsefig-1.pdf>
[8] [9]

Package xcolor Warning: Incompatible color definition on input line 422.


Package xcolor Warning: Incompatible color definition on input line 433.


Package xcolor Warning: Incompatible color definition on input line 433.

[10] [11] [12] [13] [14] [15] [16] [17] [18] [19]

Package xcolor Warning: Incompatible color definition on input line 1014.


Package xcolor Warning: Incompatible color definition on input line 1027.


Package xcolor Warning: Incompatible color definition on input line 1027.

File: regression-analysis_files/figure-latex/regplot-1.pdf Graphic file (type p
df)
<use regression-analysis_files/figure-latex/regplot-1.pdf>

Package xcolor Warning: Incompatible color definition on input line 1040.


Package xcolor Warning: Incompatible color definition on input line 1051.


Package xcolor Warning: Incompatible color definition on input line 1051.


Package xcolor Warning: Incompatible color definition on input line 1051.

[20]

Package xcolor Warning: Incompatible color definition on input line 1051.


Package xcolor Warning: Incompatible color definition on input line 1051.

[21] [22]

Package xcolor Warning: Incompatible color definition on input line 1185.


Package xcolor Warning: Incompatible color definition on input line 1196.


Package xcolor Warning: Incompatible color definition on input line 1196.

File: regression-analysis_files/figure-latex/ybarpred-1.pdf Graphic file (type 
pdf)
<use regression-analysis_files/figure-latex/ybarpred-1.pdf>
[23] [24] [25] [26] [27]
File: regression-analysis_files/figure-latex/simpledraw-1.pdf Graphic file (typ
e pdf)
<use regression-analysis_files/figure-latex/simpledraw-1.pdf>
File: regression-analysis_files/figure-latex/simpledraw2-1.pdf Graphic file (ty
pe pdf)
<use regression-analysis_files/figure-latex/simpledraw2-1.pdf>
[28] [29] [30] [31]

Package xcolor Warning: Incompatible color definition on input line 1717.

[32]

Package xcolor Warning: Incompatible color definition on input line 1728.


Package xcolor Warning: Incompatible color definition on input line 1728.

File: regression-analysis_files/figure-latex/smoothline-1.pdf Graphic file (typ
e pdf)
<use regression-analysis_files/figure-latex/smoothline-1.pdf>

Package xcolor Warning: Incompatible color definition on input line 1741.


Package xcolor Warning: Incompatible color definition on input line 1756.


Package xcolor Warning: Incompatible color definition on input line 1756.

[33] [34] [35]

Package xcolor Warning: Incompatible color definition on input line 1954.

[36]

Package xcolor Warning: Incompatible color definition on input line 1976.


Package xcolor Warning: Incompatible color definition on input line 1976.


Package xcolor Warning: Incompatible color definition on input line 1980.


Package xcolor Warning: Incompatible color definition on input line 1989.


Package xcolor Warning: Incompatible color definition on input line 1989.

File: regression-analysis_files/figure-latex/estci-1.pdf Graphic file (type pdf
)
<use regression-analysis_files/figure-latex/estci-1.pdf>

Underfull \vbox (badness 10000) has occurred while \output is active []

[37] [38]

Package xcolor Warning: Incompatible color definition on input line 2045.


Package xcolor Warning: Incompatible color definition on input line 2052.


Package xcolor Warning: Incompatible color definition on input line 2052.


Package xcolor Warning: Incompatible color definition on input line 2077.


Package xcolor Warning: Incompatible color definition on input line 2091.


Package xcolor Warning: Incompatible color definition on input line 2091.

[39]

Package xcolor Warning: Incompatible color definition on input line 2116.


Package xcolor Warning: Incompatible color definition on input line 2126.


Package xcolor Warning: Incompatible color definition on input line 2126.


Package xcolor Warning: Incompatible color definition on input line 2133.


Package xcolor Warning: Incompatible color definition on input line 2155.


Package xcolor Warning: Incompatible color definition on input line 2155.

[40]
File: regression-analysis_files/figure-latex/b0rjt-1.pdf Graphic file (type pdf
)
<use regression-analysis_files/figure-latex/b0rjt-1.pdf>
[41] [42] [43] [44] [45] [46] [47] [48] [49]
File: regression-analysis_files/figure-latex/goodfitfig-1.pdf Graphic file (typ
e pdf)
<use regression-analysis_files/figure-latex/goodfitfig-1.pdf>

Package xcolor Warning: Incompatible color definition on input line 2678.


Package xcolor Warning: Incompatible color definition on input line 2700.


Package xcolor Warning: Incompatible color definition on input line 2700.


Package xcolor Warning: Incompatible color definition on input line 2704.

[50]

Package xcolor Warning: Incompatible color definition on input line 2710.


Package xcolor Warning: Incompatible color definition on input line 2710.


Package xcolor Warning: Incompatible color definition on input line 2727.


Package xcolor Warning: Incompatible color definition on input line 2739.


Package xcolor Warning: Incompatible color definition on input line 2739.


Package xcolor Warning: Incompatible color definition on input line 2743.


Package xcolor Warning: Incompatible color definition on input line 2753.


Package xcolor Warning: Incompatible color definition on input line 2753.

[51] [52

]
Chapter 2.

Package xcolor Warning: Incompatible color definition on input line 2771.


Package xcolor Warning: Incompatible color definition on input line 2785.


Package xcolor Warning: Incompatible color definition on input line 2785.


LaTeX Font Warning: Command \huge invalid in math mode on input line 2823.


LaTeX Font Warning: Command \huge invalid in math mode on input line 2828.


LaTeX Font Warning: Command \huge invalid in math mode on input line 2832.

LaTeX Font Info:    External font `lmex10' loaded for size
(Font)              <20.74> on input line 2832.
LaTeX Font Info:    External font `lmex10' loaded for size
(Font)              <14.4> on input line 2832.

LaTeX Font Warning: Command \huge invalid in math mode on input line 2837.

[53] [54] [55] [56]
File: images/multiple-orthogonal.png Graphic file (type bmp)
<images/multiple-orthogonal.png>
File: images/multiple-nonorth.png Graphic file (type bmp)
<images/multiple-nonorth.png>

Underfull \vbox (badness 10000) has occurred while \output is active []

[57] [58] [59] [60]

Package xcolor Warning: Incompatible color definition on input line 3234.


Package xcolor Warning: Incompatible color definition on input line 3243.


Package xcolor Warning: Incompatible color definition on input line 3243.


Package xcolor Warning: Incompatible color definition on input line 3247.


Package xcolor Warning: Incompatible color definition on input line 3257.


Package xcolor Warning: Incompatible color definition on input line 3257.


Package xcolor Warning: Incompatible color definition on input line 3261.


Package xcolor Warning: Incompatible color definition on input line 3272.


Package xcolor Warning: Incompatible color definition on input line 3272.


Package xcolor Warning: Incompatible color definition on input line 3272.

[61]

Package xcolor Warning: Incompatible color definition on input line 3272.


Package xcolor Warning: Incompatible color definition on input line 3272.

File: images/multiple-qr1.png Graphic file (type bmp)
<images/multiple-qr1.png>
File: images/multiple-qr2.png Graphic file (type bmp)
<images/multiple-qr2.png>

Underfull \vbox (badness 10000) has occurred while \output is active []

[62]
File: images/multiple-qr3.png Graphic file (type bmp)
<images/multiple-qr3.png>

Underfull \vbox (badness 1062) has occurred while \output is active []

[63] [64] [65] [66]
File: images/multiple-residual.png Graphic file (type bmp)
<images/multiple-residual.png>
[67] [68]
File: images/multiple-anova.png Graphic file (type bmp)
<images/multiple-anova.png>

Underfull \vbox (badness 10000) has occurred while \output is active []

[69] [70] [71] [72]
Overfull \hbox (14.49399pt too wide) in paragraph at lines 3831--3832
[]\TU/lmr/m/n/10 The proof is same as []1.24[], by showing that $\OT1/lmr/m/n/1
0 ((\OML/lmm/m/it/10 X[]X\OT1/lmr/m/n/10 )[]\OML/lmm/m/it/10 X[]\OT1/lmr/m/n/10
 )(\OML/lmm/m/it/10 I \OMS/lmsy/m/n/10 ^^@
 []

[73]

Package xcolor Warning: Incompatible color definition on input line 3905.


Package xcolor Warning: Incompatible color definition on input line 3931.


Package xcolor Warning: Incompatible color definition on input line 3931.


Package xcolor Warning: Incompatible color definition on input line 3931.

[74]

Package xcolor Warning: Incompatible color definition on input line 3931.


Package xcolor Warning: Incompatible color definition on input line 3931.


Package xcolor Warning: Incompatible color definition on input line 3935.


Package xcolor Warning: Incompatible color definition on input line 3941.


Package xcolor Warning: Incompatible color definition on input line 3941.


Package xcolor Warning: Incompatible color definition on input line 3945.


Package xcolor Warning: Incompatible color definition on input line 3960.


Package xcolor Warning: Incompatible color definition on input line 3960.

[75]
File: images/multiple-cos.png Graphic file (type bmp)
<images/multiple-cos.png>
[76]
File: images/multiple-rsq.png Graphic file (type bmp)
<images/multiple-rsq.png>

Underfull \vbox (badness 5970) has occurred while \output is active []

[77] [78] [79] [80] [81]
File: regression-analysis_files/figure-latex/bjreject-1.pdf Graphic file (type 
pdf)
<use regression-analysis_files/figure-latex/bjreject-1.pdf>
[82]

Package xcolor Warning: Incompatible color definition on input line 4339.


Package xcolor Warning: Incompatible color definition on input line 4364.


Package xcolor Warning: Incompatible color definition on input line 4364.

[83]

Package xcolor Warning: Incompatible color definition on input line 4439.


Package xcolor Warning: Incompatible color definition on input line 4446.


Package xcolor Warning: Incompatible color definition on input line 4446.

File: regression-analysis_files/figure-latex/ellip-1.pdf Graphic file (type pdf
)
<use regression-analysis_files/figure-latex/ellip-1.pdf>
[84] [85] [86] [87] [88]
File: images/multiple-extrass.png Graphic file (type bmp)
<images/multiple-extrass.png>
[89] [90] [91]
LaTeX Font Info:    Font shape `TU/lmtt/bx/n' in size <12> not available
(Font)              Font shape `TU/lmtt/b/n' tried instead on input line 4876.

Package xcolor Warning: Incompatible color definition on input line 4880.


Package xcolor Warning: Incompatible color definition on input line 4895.


Package xcolor Warning: Incompatible color definition on input line 4895.


Package xcolor Warning: Incompatible color definition on input line 4899.


Package xcolor Warning: Incompatible color definition on input line 4914.


Package xcolor Warning: Incompatible color definition on input line 4914.

[92]

Package xcolor Warning: Incompatible color definition on input line 4918.


Package xcolor Warning: Incompatible color definition on input line 4934.


Package xcolor Warning: Incompatible color definition on input line 4934.


Package xcolor Warning: Incompatible color definition on input line 4938.


Package xcolor Warning: Incompatible color definition on input line 4952.


Package xcolor Warning: Incompatible color definition on input line 4952.


Package xcolor Warning: Incompatible color definition on input line 4956.


Package xcolor Warning: Incompatible color definition on input line 4972.


Package xcolor Warning: Incompatible color definition on input line 4972.


Package xcolor Warning: Incompatible color definition on input line 4978.


Package xcolor Warning: Incompatible color definition on input line 4993.


Package xcolor Warning: Incompatible color definition on input line 4993.


Package xcolor Warning: Incompatible color definition on input line 4993.

[93]

Package xcolor Warning: Incompatible color definition on input line 4993.


Package xcolor Warning: Incompatible color definition on input line 4993.


Package xcolor Warning: Incompatible color definition on input line 5000.


Package xcolor Warning: Incompatible color definition on input line 5017.


Package xcolor Warning: Incompatible color definition on input line 5017.


Package xcolor Warning: Incompatible color definition on input line 5051.


Package xcolor Warning: Incompatible color definition on input line 5069.


Package xcolor Warning: Incompatible color definition on input line 5069.


Package xcolor Warning: Incompatible color definition on input line 5069.

[94]

Package xcolor Warning: Incompatible color definition on input line 5069.


Package xcolor Warning: Incompatible color definition on input line 5069.

File: regression-analysis_files/figure-latex/sald-1.pdf Graphic file (type pdf)

<use regression-analysis_files/figure-latex/sald-1.pdf>
[95]

Package xcolor Warning: Incompatible color definition on input line 5152.


Package xcolor Warning: Incompatible color definition on input line 5164.


Package xcolor Warning: Incompatible color definition on input line 5164.


Package xcolor Warning: Incompatible color definition on input line 5177.


Package xcolor Warning: Incompatible color definition on input line 5188.


Package xcolor Warning: Incompatible color definition on input line 5188.


Package xcolor Warning: Incompatible color definition on input line 5197.


Package xcolor Warning: Incompatible color definition on input line 5215.


Package xcolor Warning: Incompatible color definition on input line 5215.

[96]

Package xcolor Warning: Incompatible color definition on input line 5233.


Package xcolor Warning: Incompatible color definition on input line 5252.


Package xcolor Warning: Incompatible color definition on input line 5252.

File: regression-analysis_files/figure-latex/saldfit-1.pdf Graphic file (type p
df)
<use regression-analysis_files/figure-latex/saldfit-1.pdf>
[97]

Package xcolor Warning: Incompatible color definition on input line 5279.


Package xcolor Warning: Incompatible color definition on input line 5294.


Package xcolor Warning: Incompatible color definition on input line 5294.


Package xcolor Warning: Incompatible color definition on input line 5310.


Package xcolor Warning: Incompatible color definition on input line 5314.


Package xcolor Warning: Incompatible color definition on input line 5314.


Package xcolor Warning: Incompatible color definition on input line 5318.


Package xcolor Warning: Incompatible color definition on input line 5344.


Package xcolor Warning: Incompatible color definition on input line 5344.


Package xcolor Warning: Incompatible color definition on input line 5344.

[98]

Package xcolor Warning: Incompatible color definition on input line 5344.


Package xcolor Warning: Incompatible color definition on input line 5344.

File: regression-analysis_files/figure-latex/saldfit2-1.pdf Graphic file (type 
pdf)
<use regression-analysis_files/figure-latex/saldfit2-1.pdf>

Underfull \vbox (badness 5064) has occurred while \output is active []

[99]

Package xcolor Warning: Incompatible color definition on input line 5382.


Package xcolor Warning: Incompatible color definition on input line 5399.


Package xcolor Warning: Incompatible color definition on input line 5399.


Package xcolor Warning: Incompatible color definition on input line 5415.


Package xcolor Warning: Incompatible color definition on input line 5441.


Package xcolor Warning: Incompatible color definition on input line 5441.


Package xcolor Warning: Incompatible color definition on input line 5441.

[100]

Package xcolor Warning: Incompatible color definition on input line 5441.


Package xcolor Warning: Incompatible color definition on input line 5441.

File: regression-analysis_files/figure-latex/saldfit3-1.pdf Graphic file (type 
pdf)
<use regression-analysis_files/figure-latex/saldfit3-1.pdf>

Package xcolor Warning: Incompatible color definition on input line 5452.


Package xcolor Warning: Incompatible color definition on input line 5484.


Package xcolor Warning: Incompatible color definition on input line 5484.


Package xcolor Warning: Incompatible color definition on input line 5484.

[101]

Package xcolor Warning: Incompatible color definition on input line 5484.


Package xcolor Warning: Incompatible color definition on input line 5484.


Package xcolor Warning: Incompatible color definition on input line 5493.


Package xcolor Warning: Incompatible color definition on input line 5507.


Package xcolor Warning: Incompatible color definition on input line 5507.


Package xcolor Warning: Incompatible color definition on input line 5509.


Package xcolor Warning: Incompatible color definition on input line 5521.


Package xcolor Warning: Incompatible color definition on input line 5521.


Package xcolor Warning: Incompatible color definition on input line 5523.


Package xcolor Warning: Incompatible color definition on input line 5529.


Package xcolor Warning: Incompatible color definition on input line 5529.

File: regression-analysis_files/figure-latex/unnamed-chunk-110-1.pdf Graphic fi
le (type pdf)
<use regression-analysis_files/figure-latex/unnamed-chunk-110-1.pdf>
[102]

Package xcolor Warning: Incompatible color definition on input line 5537.


Package xcolor Warning: Incompatible color definition on input line 5547.


Package xcolor Warning: Incompatible color definition on input line 5547.


LaTeX Font Warning: Command \huge invalid in math mode on input line 5599.


LaTeX Font Warning: Command \huge invalid in math mode on input line 5611.


LaTeX Font Warning: Command \huge invalid in math mode on input line 5616.


LaTeX Font Warning: Command \huge invalid in math mode on input line 5628.


Underfull \vbox (badness 1424) has occurred while \output is active []

[103] [104]

LaTeX Font Warning: Command \huge invalid in math mode on input line 5691.


LaTeX Font Warning: Command \huge invalid in math mode on input line 5703.


LaTeX Font Warning: Command \huge invalid in math mode on input line 5708.


LaTeX Font Warning: Command \huge invalid in math mode on input line 5720.

[105]

LaTeX Font Warning: Command \huge invalid in math mode on input line 5798.


LaTeX Font Warning: Command \huge invalid in math mode on input line 5813.


LaTeX Font Warning: Command \huge invalid in math mode on input line 5818.


LaTeX Font Warning: Command \huge invalid in math mode on input line 5830.

[106]

Package xcolor Warning: Incompatible color definition on input line 5875.


Package xcolor Warning: Incompatible color definition on input line 5888.


Package xcolor Warning: Incompatible color definition on input line 5888.


Package xcolor Warning: Incompatible color definition on input line 5892.


Package xcolor Warning: Incompatible color definition on input line 5903.


Package xcolor Warning: Incompatible color definition on input line 5903.


Package xcolor Warning: Incompatible color definition on input line 5907.

[107]

Package xcolor Warning: Incompatible color definition on input line 5919.


Package xcolor Warning: Incompatible color definition on input line 5919.


LaTeX Font Warning: Command \huge invalid in math mode on input line 5956.


LaTeX Font Warning: Command \huge invalid in math mode on input line 5971.


LaTeX Font Warning: Command \huge invalid in math mode on input line 5976.


LaTeX Font Warning: Command \huge invalid in math mode on input line 5991.

[108]

Package xcolor Warning: Incompatible color definition on input line 6053.

[109]

Package xcolor Warning: Incompatible color definition on input line 6066.


Package xcolor Warning: Incompatible color definition on input line 6066.


Package xcolor Warning: Incompatible color definition on input line 6068.


Package xcolor Warning: Incompatible color definition on input line 6082.


Package xcolor Warning: Incompatible color definition on input line 6082.


Package xcolor Warning: Incompatible color definition on input line 6084.


Package xcolor Warning: Incompatible color definition on input line 6096.


Package xcolor Warning: Incompatible color definition on input line 6096.

[110]

Package xcolor Warning: Incompatible color definition on input line 6137.


Package xcolor Warning: Incompatible color definition on input line 6149.


Package xcolor Warning: Incompatible color definition on input line 6149.

[111] [112] [113] [114

]
Chapter 3.

Package xcolor Warning: Incompatible color definition on input line 6314.


Package xcolor Warning: Incompatible color definition on input line 6327.


Package xcolor Warning: Incompatible color definition on input line 6327.

File: regression-analysis_files/figure-latex/linassume-1.pdf Graphic file (type
 pdf)
<use regression-analysis_files/figure-latex/linassume-1.pdf>
[115]

Package xcolor Warning: Incompatible color definition on input line 6362.


Package xcolor Warning: Incompatible color definition on input line 6372.


Package xcolor Warning: Incompatible color definition on input line 6372.

File: regression-analysis_files/figure-latex/rsdassume-1.pdf Graphic file (type
 pdf)
<use regression-analysis_files/figure-latex/rsdassume-1.pdf>

Underfull \vbox (badness 10000) has occurred while \output is active []

[116]
File: regression-analysis_files/figure-latex/outassume-1.pdf Graphic file (type
 pdf)
<use regression-analysis_files/figure-latex/outassume-1.pdf>

Underfull \vbox (badness 7944) has occurred while \output is active []

[117]
Overfull \hbox (20.47499pt too wide) in paragraph at lines 6447--6448
[]\TU/lmr/m/n/10 We already know that \TU/lmtt/m/n/10 residuals(model) \TU/lmr/
m/n/10 or \TU/lmtt/m/n/10 model$residuals \TU/lmr/m/n/10 gives residuals. \TU/l
mtt/m/n/10 modelr::add_residuals(model)\TU/lmr/m/n/10 ,
 []

[118]

Package xcolor Warning: Incompatible color definition on input line 6489.


Package xcolor Warning: Incompatible color definition on input line 6499.


Package xcolor Warning: Incompatible color definition on input line 6499.


Package xcolor Warning: Incompatible color definition on input line 6513.


Package xcolor Warning: Incompatible color definition on input line 6531.


Package xcolor Warning: Incompatible color definition on input line 6531.

File: regression-analysis_files/figure-latex/rstdresid-1.pdf Graphic file (type
 pdf)
<use regression-analysis_files/figure-latex/rstdresid-1.pdf>
[119] [120]

Package xcolor Warning: Incompatible color definition on input line 6590.


Package xcolor Warning: Incompatible color definition on input line 6600.


Package xcolor Warning: Incompatible color definition on input line 6600.


Package xcolor Warning: Incompatible color definition on input line 6602.


Package xcolor Warning: Incompatible color definition on input line 6614.


Package xcolor Warning: Incompatible color definition on input line 6614.


Package xcolor Warning: Incompatible color definition on input line 6618.


Package xcolor Warning: Incompatible color definition on input line 6641.


Package xcolor Warning: Incompatible color definition on input line 6641.

File: regression-analysis_files/figure-latex/rstudresid-1.pdf Graphic file (typ
e pdf)
<use regression-analysis_files/figure-latex/rstudresid-1.pdf>

Underfull \vbox (badness 7468) has occurred while \output is active []

[121]

Package xcolor Warning: Incompatible color definition on input line 6671.


Package xcolor Warning: Incompatible color definition on input line 6685.


Package xcolor Warning: Incompatible color definition on input line 6685.


Package xcolor Warning: Incompatible color definition on input line 6689.


Package xcolor Warning: Incompatible color definition on input line 6708.


Package xcolor Warning: Incompatible color definition on input line 6708.


Package xcolor Warning: Incompatible color definition on input line 6708.

[122]

Package xcolor Warning: Incompatible color definition on input line 6708.


Package xcolor Warning: Incompatible color definition on input line 6708.


Package xcolor Warning: Incompatible color definition on input line 6712.


Package xcolor Warning: Incompatible color definition on input line 6720.


Package xcolor Warning: Incompatible color definition on input line 6720.

File: regression-analysis_files/figure-latex/plmat-1.pdf Graphic file (type pdf
)
<use regression-analysis_files/figure-latex/plmat-1.pdf>
[123]

Package xcolor Warning: Incompatible color definition on input line 6746.


Package xcolor Warning: Incompatible color definition on input line 6762.


Package xcolor Warning: Incompatible color definition on input line 6762.


Package xcolor Warning: Incompatible color definition on input line 6764.


Package xcolor Warning: Incompatible color definition on input line 6772.


Package xcolor Warning: Incompatible color definition on input line 6772.

File: regression-analysis_files/figure-latex/cemrsplot-1.pdf Graphic file (type
 pdf)
<use regression-analysis_files/figure-latex/cemrsplot-1.pdf>

Package xcolor Warning: Incompatible color definition on input line 6801.

[124]

Package xcolor Warning: Incompatible color definition on input line 6805.


Package xcolor Warning: Incompatible color definition on input line 6805.

File: regression-analysis_files/figure-latex/heteropt-1.pdf Graphic file (type 
pdf)
<use regression-analysis_files/figure-latex/heteropt-1.pdf>

Package xcolor Warning: Incompatible color definition on input line 6818.


Package xcolor Warning: Incompatible color definition on input line 6822.


Package xcolor Warning: Incompatible color definition on input line 6822.

File: regression-analysis_files/figure-latex/nonlinpt-1.pdf Graphic file (type 
pdf)
<use regression-analysis_files/figure-latex/nonlinpt-1.pdf>

Package xcolor Warning: Incompatible color definition on input line 6835.

[125]

Package xcolor Warning: Incompatible color definition on input line 6841.


Package xcolor Warning: Incompatible color definition on input line 6841.

File: regression-analysis_files/figure-latex/outpt-1.pdf Graphic file (type pdf
)
<use regression-analysis_files/figure-latex/outpt-1.pdf>

Package xcolor Warning: Incompatible color definition on input line 6871.


Package xcolor Warning: Incompatible color definition on input line 6883.


Package xcolor Warning: Incompatible color definition on input line 6883.

File: regression-analysis_files/figure-latex/qqcement-1.pdf Graphic file (type 
pdf)
<use regression-analysis_files/figure-latex/qqcement-1.pdf>
[126]

Package xcolor Warning: Incompatible color definition on input line 6896.


Package xcolor Warning: Incompatible color definition on input line 6907.


Package xcolor Warning: Incompatible color definition on input line 6907.


Package xcolor Warning: Incompatible color definition on input line 6909.


Package xcolor Warning: Incompatible color definition on input line 6913.


Package xcolor Warning: Incompatible color definition on input line 6913.

File: regression-analysis_files/figure-latex/idqq-1.pdf Graphic file (type pdf)

<use regression-analysis_files/figure-latex/idqq-1.pdf>

Package xcolor Warning: Incompatible color definition on input line 6926.

[127]

Package xcolor Warning: Incompatible color definition on input line 6930.


Package xcolor Warning: Incompatible color definition on input line 6930.

File: regression-analysis_files/figure-latex/qqt-1.pdf Graphic file (type pdf)
<use regression-analysis_files/figure-latex/qqt-1.pdf>

Package xcolor Warning: Incompatible color definition on input line 6943.


Package xcolor Warning: Incompatible color definition on input line 6947.


Package xcolor Warning: Incompatible color definition on input line 6947.

File: regression-analysis_files/figure-latex/qqunif-1.pdf Graphic file (type pd
f)
<use regression-analysis_files/figure-latex/qqunif-1.pdf>

Package xcolor Warning: Incompatible color definition on input line 6960.

[128]

Package xcolor Warning: Incompatible color definition on input line 6964.


Package xcolor Warning: Incompatible color definition on input line 6964.

File: regression-analysis_files/figure-latex/qqchisq-1.pdf Graphic file (type p
df)
<use regression-analysis_files/figure-latex/qqchisq-1.pdf>

Package xcolor Warning: Incompatible color definition on input line 6977.


Package xcolor Warning: Incompatible color definition on input line 6981.


Package xcolor Warning: Incompatible color definition on input line 6981.

File: regression-analysis_files/figure-latex/qqskewn-1.pdf Graphic file (type p
df)
<use regression-analysis_files/figure-latex/qqskewn-1.pdf>

Underfull \vbox (badness 10000) has occurred while \output is active []

[129]

Package xcolor Warning: Incompatible color definition on input line 7070.

[130]

Package xcolor Warning: Incompatible color definition on input line 7085.


Package xcolor Warning: Incompatible color definition on input line 7085.

[131]
Underfull \vbox (badness 1681) has occurred while \output is active []

[132] [133]
File: regression-analysis_files/figure-latex/levmeasure-1.pdf Graphic file (typ
e pdf)
<use regression-analysis_files/figure-latex/levmeasure-1.pdf>
[134]

Package xcolor Warning: Incompatible color definition on input line 7288.


Package xcolor Warning: Incompatible color definition on input line 7297.


Package xcolor Warning: Incompatible color definition on input line 7297.

File: regression-analysis_files/figure-latex/dffdat-1.pdf Graphic file (type pd
f)
<use regression-analysis_files/figure-latex/dffdat-1.pdf>

Underfull \vbox (badness 10000) has occurred while \output is active []

[135] [136]

Package xcolor Warning: Incompatible color definition on input line 7365.


Package xcolor Warning: Incompatible color definition on input line 7374.


Package xcolor Warning: Incompatible color definition on input line 7374.

File: regression-analysis_files/figure-latex/cidat-1.pdf Graphic file (type pdf
)
<use regression-analysis_files/figure-latex/cidat-1.pdf>

Package xcolor Warning: Incompatible color definition on input line 7387.


Package xcolor Warning: Incompatible color definition on input line 7422.


Package xcolor Warning: Incompatible color definition on input line 7422.


Package xcolor Warning: Incompatible color definition on input line 7422.

[137]

Package xcolor Warning: Incompatible color definition on input line 7422.


Package xcolor Warning: Incompatible color definition on input line 7422.


Package xcolor Warning: Incompatible color definition on input line 7426.


Package xcolor Warning: Incompatible color definition on input line 7461.


Package xcolor Warning: Incompatible color definition on input line 7461.


Package xcolor Warning: Incompatible color definition on input line 7465.


Package xcolor Warning: Incompatible color definition on input line 7480.


Package xcolor Warning: Incompatible color definition on input line 7480.


Package xcolor Warning: Incompatible color definition on input line 7480.

[138]

Package xcolor Warning: Incompatible color definition on input line 7480.


Package xcolor Warning: Incompatible color definition on input line 7480.


Package xcolor Warning: Incompatible color definition on input line 7507.


Package xcolor Warning: Incompatible color definition on input line 7519.


Package xcolor Warning: Incompatible color definition on input line 7519.


Package xcolor Warning: Incompatible color definition on input line 7521.


Package xcolor Warning: Incompatible color definition on input line 7525.


Package xcolor Warning: Incompatible color definition on input line 7525.

File: regression-analysis_files/figure-latex/heterolog-1.pdf Graphic file (type
 pdf)
<use regression-analysis_files/figure-latex/heterolog-1.pdf>

Underfull \vbox (badness 10000) has occurred while \output is active []

[139]

Package xcolor Warning: Incompatible color definition on input line 7536.


Package xcolor Warning: Incompatible color definition on input line 7540.


Package xcolor Warning: Incompatible color definition on input line 7540.

File: regression-analysis_files/figure-latex/heterosqrt-1.pdf Graphic file (typ
e pdf)
<use regression-analysis_files/figure-latex/heterosqrt-1.pdf>

Package xcolor Warning: Incompatible color definition on input line 7555.


Package xcolor Warning: Incompatible color definition on input line 7560.


Package xcolor Warning: Incompatible color definition on input line 7560.

File: regression-analysis_files/figure-latex/cubicregress-1.pdf Graphic file (t
ype pdf)
<use regression-analysis_files/figure-latex/cubicregress-1.pdf>

Underfull \vbox (badness 10000) has occurred while \output is active []

[140] [141]

Package xcolor Warning: Incompatible color definition on input line 7641.


Package xcolor Warning: Incompatible color definition on input line 7645.


Package xcolor Warning: Incompatible color definition on input line 7645.

File: regression-analysis_files/figure-latex/vstpois1-1.pdf Graphic file (type 
pdf)
<use regression-analysis_files/figure-latex/vstpois1-1.pdf>
[142]

Package xcolor Warning: Incompatible color definition on input line 7670.


Package xcolor Warning: Incompatible color definition on input line 7679.


Package xcolor Warning: Incompatible color definition on input line 7679.

File: regression-analysis_files/figure-latex/vstpois2-1.pdf Graphic file (type 
pdf)
<use regression-analysis_files/figure-latex/vstpois2-1.pdf>
[143]

LaTeX Font Warning: Command \LARGE invalid in math mode on input line 7753.


LaTeX Font Warning: Command \LARGE invalid in math mode on input line 7753.


LaTeX Font Warning: Command \LARGE invalid in math mode on input line 7753.

LaTeX Font Info:    External font `lmex10' loaded for size
(Font)              <17.28> on input line 7753.

LaTeX Font Warning: Command \LARGE invalid in math mode on input line 7753.

LaTeX Font Info:    Calculating math sizes for size <> on input line 7755.
LaTeX Font Info:    External font `lmex10' loaded for size
(Font)              <> on input line 7755.
LaTeX Font Info:    External font `lmex10' loaded for size
(Font)              <0.7> on input line 7755.
LaTeX Font Info:    External font `lmex10' loaded for size
(Font)              <0.5> on input line 7755.
[144] [145] [146] [147] [148] [149] [150

]
Chapter 4.

Package xcolor Warning: Incompatible color definition on input line 8027.


Package xcolor Warning: Incompatible color definition on input line 8041.


Package xcolor Warning: Incompatible color definition on input line 8041.


Package xcolor Warning: Incompatible color definition on input line 8059.


Package xcolor Warning: Incompatible color definition on input line 8063.


Package xcolor Warning: Incompatible color definition on input line 8063.

[151]

Package xcolor Warning: Incompatible color definition on input line 8109.


Package xcolor Warning: Incompatible color definition on input line 8118.


Package xcolor Warning: Incompatible color definition on input line 8118.

[152] [153] [154]

Package xcolor Warning: Incompatible color definition on input line 8300.

[155]

Package xcolor Warning: Incompatible color definition on input line 8306.


Package xcolor Warning: Incompatible color definition on input line 8306.

[156]

Package xcolor Warning: Incompatible color definition on input line 8399.


Package xcolor Warning: Incompatible color definition on input line 8404.


Package xcolor Warning: Incompatible color definition on input line 8404.

[157]

Package xcolor Warning: Incompatible color definition on input line 8451.


Package xcolor Warning: Incompatible color definition on input line 8465.


Package xcolor Warning: Incompatible color definition on input line 8465.


Package xcolor Warning: Incompatible color definition on input line 8469.


Package xcolor Warning: Incompatible color definition on input line 8478.


Package xcolor Warning: Incompatible color definition on input line 8478.


Package xcolor Warning: Incompatible color definition on input line 8482.


Package xcolor Warning: Incompatible color definition on input line 8491.


Package xcolor Warning: Incompatible color definition on input line 8491.

[158] [159] [160] [161]

Package xcolor Warning: Incompatible color definition on input line 8703.


Package xcolor Warning: Incompatible color definition on input line 8789.


Package xcolor Warning: Incompatible color definition on input line 8789.


Package xcolor Warning: Incompatible color definition on input line 8789.

[162]

Package xcolor Warning: Incompatible color definition on input line 8789.


Package xcolor Warning: Incompatible color definition on input line 8789.

File: regression-analysis_files/figure-latex/circle1-1.pdf Graphic file (type p
df)
<use regression-analysis_files/figure-latex/circle1-1.pdf>

Underfull \vbox (badness 1762) has occurred while \output is active []

[163]
File: regression-analysis_files/figure-latex/circle2-1.pdf Graphic file (type p
df)
<use regression-analysis_files/figure-latex/circle2-1.pdf>
[164]
File: regression-analysis_files/figure-latex/circle3-1.pdf Graphic file (type p
df)
<use regression-analysis_files/figure-latex/circle3-1.pdf>
File: regression-analysis_files/figure-latex/circle4-1.pdf Graphic file (type p
df)
<use regression-analysis_files/figure-latex/circle4-1.pdf>

Underfull \vbox (badness 10000) has occurred while \output is active []

[165] [166] [167]
File: regression-analysis_files/figure-latex/varinf-1.pdf Graphic file (type pd
f)
<use regression-analysis_files/figure-latex/varinf-1.pdf>
[168] [169] [170]
File: regression-analysis_files/figure-latex/mvnellips-1.pdf Graphic file (type
 pdf)
<use regression-analysis_files/figure-latex/mvnellips-1.pdf>
File: regression-analysis_files/figure-latex/mvnellips2-1.pdf Graphic file (typ
e pdf)
<use regression-analysis_files/figure-latex/mvnellips2-1.pdf>

Underfull \vbox (badness 10000) has occurred while \output is active []

[171] [172]

Package xcolor Warning: Incompatible color definition on input line 9185.


Package xcolor Warning: Incompatible color definition on input line 9198.


Package xcolor Warning: Incompatible color definition on input line 9198.


Package xcolor Warning: Incompatible color definition on input line 9200.


Package xcolor Warning: Incompatible color definition on input line 9215.


Package xcolor Warning: Incompatible color definition on input line 9215.


Package xcolor Warning: Incompatible color definition on input line 9219.


Package xcolor Warning: Incompatible color definition on input line 9234.


Package xcolor Warning: Incompatible color definition on input line 9234.


Package xcolor Warning: Incompatible color definition on input line 9234.

[173]

Package xcolor Warning: Incompatible color definition on input line 9234.


Package xcolor Warning: Incompatible color definition on input line 9234.

[174]

Package xcolor Warning: Incompatible color definition on input line 9360.

[175]

Package xcolor Warning: Incompatible color definition on input line 9373.


Package xcolor Warning: Incompatible color definition on input line 9373.


Package xcolor Warning: Incompatible color definition on input line 9377.


Package xcolor Warning: Incompatible color definition on input line 9388.


Package xcolor Warning: Incompatible color definition on input line 9388.


Package xcolor Warning: Incompatible color definition on input line 9392.


Package xcolor Warning: Incompatible color definition on input line 9407.


Package xcolor Warning: Incompatible color definition on input line 9407.

File: images/pcaequiv.png Graphic file (type bmp)
<images/pcaequiv.png>

Underfull \vbox (badness 10000) has occurred while \output is active []

[176] [177] [178]
File: images/pcrfit.png Graphic file (type bmp)
<images/pcrfit.png>

Underfull \vbox (badness 10000) has occurred while \output is active []

[179] [180]
File: images/pcrlse.png Graphic file (type bmp)
<images/pcrlse.png>

Underfull \vbox (badness 1845) has occurred while \output is active []

[181]

Package xcolor Warning: Incompatible color definition on input line 9640.


Package xcolor Warning: Incompatible color definition on input line 9662.


Package xcolor Warning: Incompatible color definition on input line 9662.


Package xcolor Warning: Incompatible color definition on input line 9662.

[182]

Package xcolor Warning: Incompatible color definition on input line 9662.


Package xcolor Warning: Incompatible color definition on input line 9662.

[183] [184]
File: images/ridgepc.png Graphic file (type bmp)
<images/ridgepc.png>

Underfull \vbox (badness 10000) has occurred while \output is active []

[185] [186] [187] [188] [189] [190]
File: regression-analysis_files/figure-latex/ridgepen-1.pdf Graphic file (type 
pdf)
<use regression-analysis_files/figure-latex/ridgepen-1.pdf>
[191]
Underfull \vbox (badness 2409) has occurred while \output is active []

[192]

Package xcolor Warning: Incompatible color definition on input line 10173.


Package xcolor Warning: Incompatible color definition on input line 10183.


Package xcolor Warning: Incompatible color definition on input line 10183.


Package xcolor Warning: Incompatible color definition on input line 10187.


Package xcolor Warning: Incompatible color definition on input line 10207.


Package xcolor Warning: Incompatible color definition on input line 10207.


Package xcolor Warning: Incompatible color definition on input line 10207.

[193]

Package xcolor Warning: Incompatible color definition on input line 10207.


Package xcolor Warning: Incompatible color definition on input line 10207.

File: regression-analysis_files/figure-latex/ridgepath-1.pdf Graphic file (type
 pdf)
<use regression-analysis_files/figure-latex/ridgepath-1.pdf>

Package xcolor Warning: Incompatible color definition on input line 10222.


Package xcolor Warning: Incompatible color definition on input line 10236.


Package xcolor Warning: Incompatible color definition on input line 10236.

[194]
Chapter 5.
[195

] [196] [197]

Package xcolor Warning: Incompatible color definition on input line 10442.


Package xcolor Warning: Incompatible color definition on input line 10457.


Package xcolor Warning: Incompatible color definition on input line 10457.

[198]

Package xcolor Warning: Incompatible color definition on input line 10484.


Package xcolor Warning: Incompatible color definition on input line 10521.


Package xcolor Warning: Incompatible color definition on input line 10521.


Package xcolor Warning: Incompatible color definition on input line 10525.


Package xcolor Warning: Incompatible color definition on input line 10533.


Package xcolor Warning: Incompatible color definition on input line 10533.


Package xcolor Warning: Incompatible color definition on input line 10533.

[199]

Package xcolor Warning: Incompatible color definition on input line 10533.


Package xcolor Warning: Incompatible color definition on input line 10533.

[200] [201] [202]
File: regression-analysis_files/figure-latex/aicbic-1.pdf Graphic file (type pd
f)
<use regression-analysis_files/figure-latex/aicbic-1.pdf>
[203] [204] [205]
Underfull \vbox (badness 10000) has occurred while \output is active []

[206]

LaTeX Warning: Reference `alg:fwse' on page 207 undefined on input line 10922.

[207]
Underfull \vbox (badness 10000) has occurred while \output is active []

[208] [209] [210

]
Chapter 6.
[211]
File: regression-analysis_files/figure-latex/lassopen-1.pdf Graphic file (type 
pdf)
<use regression-analysis_files/figure-latex/lassopen-1.pdf>
(./regression-analysis.bbl [212])
Package atveryend Info: Empty hook `BeforeClearDocument' on input line 11113.
[213

]
Package atveryend Info: Empty hook `AfterLastShipout' on input line 11113.
(./regression-analysis.aux)
Package atveryend Info: Empty hook `AtVeryEndDocument' on input line 11113.
Package atveryend Info: Executing hook `AtEndAfterFileList' on input line 11113
.
Package rerunfilecheck Info: File `regression-analysis.out' has not changed.
(rerunfilecheck)             Checksum: 5BA93D59C20C4C3775DF27F1058FDE81.

LaTeX Warning: There were undefined references.

 ) 
Here is how much of TeX's memory you used:
 29261 strings out of 492933
 535784 string characters out of 6133146
 718152 words of memory out of 5000000
 32847 multiletter control sequences out of 15000+600000
 622578 words of font info for 142 fonts, out of 8000000 for 9000
 1348 hyphenation exceptions out of 8191
 45i,27n,68p,816b,539s stack positions out of 5000i,500n,10000p,200000b,80000s

Output written on regression-analysis.pdf (215 pages).
